<?xml version="1.0" encoding="UTF-8"?>
<testsuite xmlns:xsi="http://www.w3.org/2001/XMLSchema-instance" xsi:noNamespaceSchemaLocation="https://maven.apache.org/surefire/maven-surefire-plugin/xsd/surefire-test-report-3.0.xsd" version="3.0" name="com.example.loom.ThreadDemoControllerTest" time="3.077" tests="3" errors="0" skipped="0" failures="0">
  <properties>
[...]
</properties>
  <testcase name="platformEndpoint_returnsResultsForAllTasks" classname="com.example.loom.ThreadDemoControllerTest" time="0.864">
    <system-out><![CDATA[11:08:14.644 [main] INFO org.springframework.test.context.support.AnnotationConfigContextLoaderUtils -- Could not detect default configuration classes for test class [com.example.loom.ThreadDemoControllerTest]: ThreadDemoControllerTest does not declare any static, non-private, non-final, nested classes annotated with @Configuration.
11:08:14.731 [main] INFO org.springframework.boot.test.context.SpringBootTestContextBootstrapper -- Found @SpringBootConfiguration com.example.loom.LoomDemoApplication for test class com.example.loom.ThreadDemoControllerTest

  .   ____          _            __ _ _
 /\\ / ___'_ __ _ _(_)_ __  __ _ \ \ \ \
( ( )\___ | '_ | '_| | '_ \/ _` | \ \ \ \
 \\/  ___)| |_)| | | | | || (_| |  ) ) ) )
  '  |____| .__|_| |_|_| |_\__, | / / / /
 =========|_|==============|___/=/_/_/_/
 :: Spring Boot ::                (v3.2.3)

2026-02-22T11:08:15.070Z  INFO 4286 --- [loom-demo] [           main] c.example.loom.ThreadDemoControllerTest  : Starting ThreadDemoControllerTest using Java 21.0.10 with PID 4286 (started by runner in /home/runner/work/CodeRabbitTest/CodeRabbitTest)
2026-02-22T11:08:15.072Z  INFO 4286 --- [loom-demo] [           main] c.example.loom.ThreadDemoControllerTest  : No active profile set, falling back to 1 default profile: "default"
2026-02-22T11:08:15.984Z  INFO 4286 --- [loom-demo] [           main] o.s.b.w.embedded.tomcat.TomcatWebServer  : Tomcat initialized with port 0 (http)
2026-02-22T11:08:16.006Z  INFO 4286 --- [loom-demo] [           main] o.apache.catalina.core.StandardService   : Starting service [Tomcat]
2026-02-22T11:08:16.006Z  INFO 4286 --- [loom-demo] [           main] o.apache.catalina.core.StandardEngine    : Starting Servlet engine: [Apache Tomcat/10.1.19]
2026-02-22T11:08:16.045Z  INFO 4286 --- [loom-demo] [           main] o.a.c.c.C.[Tomcat].[localhost].[/]       : Initializing Spring embedded WebApplicationContext
2026-02-22T11:08:16.046Z  INFO 4286 --- [loom-demo] [           main] w.s.c.ServletWebServerApplicationContext : Root WebApplicationContext: initialization completed in 955 ms
2026-02-22T11:08:16.343Z  INFO 4286 --- [loom-demo] [           main] o.a.c.c.C.[Tomcat].[localhost].[/]       : Initializing Spring TestDispatcherServlet ''
2026-02-22T11:08:16.344Z  INFO 4286 --- [loom-demo] [           main] o.s.t.web.servlet.TestDispatcherServlet  : Initializing Servlet ''
2026-02-22T11:08:16.345Z  INFO 4286 --- [loom-demo] [           main] o.s.t.web.servlet.TestDispatcherServlet  : Completed initialization in 1 ms
2026-02-22T11:08:16.388Z  INFO 4286 --- [loom-demo] [           main] o.s.b.w.embedded.tomcat.TomcatWebServer  : Tomcat started on port 42645 (http) with context path ''
2026-02-22T11:08:16.396Z  INFO 4286 --- [loom-demo] [           main] c.example.loom.ThreadDemoControllerTest  : Started ThreadDemoControllerTest in 1.563 seconds (process running for 2.321)
]]></system-out>
    <system-err><![CDATA[WARNING: A Java agent has been loaded dynamically (/home/runner/.m2/repository/net/bytebuddy/byte-buddy-agent/1.14.12/byte-buddy-agent-1.14.12.jar)
WARNING: If a serviceability tool is in use, please run with -XX:+EnableDynamicAgentLoading to hide this warning
WARNING: If a serviceability tool is not in use, please run with -Djdk.instrument.traceUsage for more information
WARNING: Dynamic loading of agents will be disallowed by default in a future release
]]></system-err>
  </testcase>
  <testcase name="virtualEndpoint_returnsResultsForAllTasks" classname="com.example.loom.ThreadDemoControllerTest" time="0.117"/>
  <testcase name="infoEndpoint_withVirtualThreadsEnabled_returnsVirtualThread" classname="com.example.loom.ThreadDemoControllerTest" time="0.177">
    <system-out><![CDATA[2026-02-22T11:08:17.492Z  INFO 4286 --- [loom-demo] [omcat-handler-0] o.a.c.c.C.[Tomcat].[localhost].[/]       : Initializing Spring DispatcherServlet 'dispatcherServlet'
2026-02-22T11:08:17.492Z  INFO 4286 --- [loom-demo] [omcat-handler-0] o.s.web.servlet.DispatcherServlet        : Initializing Servlet 'dispatcherServlet'
2026-02-22T11:08:17.493Z  INFO 4286 --- [loom-demo] [omcat-handler-0] o.s.web.servlet.DispatcherServlet        : Completed initialization in 0 ms
]]></system-out>
  </testcase>
</testsuite>